<?xml version="1.0" encoding="UTF-8"?>
<!-- Generated by org.testng.reporters.JUnitReportReporter -->
<testsuite hostname="TANMOY_DATTA" failures="0" tests="1" name="testcases.TestCases" time="2.766" errors="0" timestamp="2023-03-28T22:30:20 BDT" skipped="0">
  <testcase classname="testcases.TestCases" name="testCases" time="2.766"/>
  <system-out/>
</testsuite> <!-- testcases.TestCases -->
