<?xml version="1.0" encoding="UTF-8"?>
<!-- Generated by org.testng.reporters.JUnitReportReporter -->
<testsuite hostname="TANMOY_DATTA" failures="0" tests="1" name="testcases.TestCases" time="24.936" errors="0" timestamp="2023-03-29T00:50:19 BDT" skipped="0">
  <testcase classname="testcases.TestCases" name="testCases" time="24.936"/>
  <system-out/>
</testsuite> <!-- testcases.TestCases -->
